2020-10-29 08:25:04 =ERROR REPORT====
** Generic server <0.333.0> terminating 
** Last message in was {timeout,#Ref<0.3944761296.2605711361.103662>,idle_timeout}
** When Server state == {state,#Port<0.15>,#Ref<0.3944761296.2605711361.103662>,<0.329.0>,<0.331.0>,{method,rabbit_framing_amqp_0_9_1},{expecting_header,<<>>}}
** Reason for termination == 
** {socket_error,timeout}
2020-10-29 08:25:04 =ERROR REPORT====
** Generic server <0.346.0> terminating 
** Last message in was {timeout,#Ref<0.3944761296.2605711361.103663>,idle_timeout}
** When Server state == {state,#Port<0.16>,#Ref<0.3944761296.2605711361.103663>,<0.342.0>,<0.344.0>,{method,rabbit_framing_amqp_0_9_1},{expecting_header,<<>>}}
** Reason for termination == 
** {socket_error,timeout}
2020-10-29 08:25:04 =ERROR REPORT====
** Generic server <0.329.0> terminating 
** Last message in was {socket_error,timeout}
** When Server state == {state,amqp_network_connection,{state,#Port<0.15>,<<"client 127.0.0.1:51239 -> 127.0.0.1:5672">>,10,<0.332.0>,131072,<0.328.0>,undefined,false},<0.331.0>,{amqp_params_network,<<"guest">>,{plaintext,<<"guest">>},<<"/">>,"localhost",5672,0,0,10,50000,none,[fun amqp_auth_mechanisms:plain/3,fun amqp_auth_mechanisms:amqplain/3],[],[]},2047,[{<<"capabilities">>,table,[{<<"publisher_confirms">>,bool,true},{<<"exchange_exchange_bindings">>,bool,true},{<<"basic.nack">>,bool,true},{<<"consumer_cancel_notify">>,bool,true},{<<"connection.blocked">>,bool,true},{<<"consumer_priorities">>,bool,true},{<<"authentication_failure_close">>,bool,true},{<<"per_consumer_qos">>,bool,true},{<<"direct_reply_to">>,bool,true}]},{<<"cluster_name">>,longstr,<<"rabbit@DESKTOP-QBALJNO">>},{<<"copyright">>,longstr,<<"Copyright (c) 2007-2020 VMware, Inc. or its affiliates.">>},{<<"information">>,longstr,<<"Licensed under the MPL 2.0. Website: https://rabbitmq.com">>},{<<"platform">>,longstr,<<"Erlang/OTP 21.3">>},{<<"product">>,longstr,<<"RabbitMQ">>},{<<"version">>,longstr,<<"3.8.9">>}],none,false}
** Reason for termination == 
** {socket_error,timeout}
2020-10-29 08:25:05 =ERROR REPORT====
** Generic server <0.342.0> terminating 
** Last message in was {socket_error,timeout}
** When Server state == {state,amqp_network_connection,{state,#Port<0.16>,<<"client 127.0.0.1:51240 -> 127.0.0.1:5672">>,10,<0.345.0>,131072,<0.341.0>,undefined,false},<0.344.0>,{amqp_params_network,<<"guest">>,{plaintext,<<"guest">>},<<"/">>,"localhost",5672,0,0,10,50000,none,[fun amqp_auth_mechanisms:plain/3,fun amqp_auth_mechanisms:amqplain/3],[],[]},2047,[{<<"capabilities">>,table,[{<<"publisher_confirms">>,bool,true},{<<"exchange_exchange_bindings">>,bool,true},{<<"basic.nack">>,bool,true},{<<"consumer_cancel_notify">>,bool,true},{<<"connection.blocked">>,bool,true},{<<"consumer_priorities">>,bool,true},{<<"authentication_failure_close">>,bool,true},{<<"per_consumer_qos">>,bool,true},{<<"direct_reply_to">>,bool,true}]},{<<"cluster_name">>,longstr,<<"rabbit@DESKTOP-QBALJNO">>},{<<"copyright">>,longstr,<<"Copyright (c) 2007-2020 VMware, Inc. or its affiliates.">>},{<<"information">>,longstr,<<"Licensed under the MPL 2.0. Website: https://rabbitmq.com">>},{<<"platform">>,longstr,<<"Erlang/OTP 21.3">>},{<<"product">>,longstr,<<"RabbitMQ">>},{<<"version">>,longstr,<<"3.8.9">>}],none,false}
** Reason for termination == 
** {socket_error,timeout}
2020-10-29 08:25:05 =CRASH REPORT====
  crasher:
    initial call: amqp_gen_connection:init/1
    pid: <0.329.0>
    registered_name: []
    exception exit: {{socket_error,timeout},[{gen_server,handle_common_reply,8,[{file,"gen_server.erl"},{line,751}]},{proc_lib,init_p_do_apply,3,[{file,"proc_lib.erl"},{line,249}]}]}
    ancestors: [<0.327.0>,amqp_sup,<0.247.0>]
    message_queue_len: 0
    messages: []
    links: [<0.327.0>]
    dictionary: [{gen_server_call_timeout,60000},{process_name,{amqp_gen_connection,<<"client 127.0.0.1:51239 -> 127.0.0.1:5672">>}}]
    trap_exit: true
    status: running
    heap_size: 4185
    stack_size: 27
    reductions: 14111
  neighbours:
2020-10-29 08:25:05 =SUPERVISOR REPORT====
     Supervisor: {<0.327.0>,amqp_connection_sup}
     Context:    child_terminated
     Reason:     {socket_error,timeout}
     Offender:   [{pid,<0.329.0>},{name,connection},{mfargs,{amqp_gen_connection,start_link,[<0.328.0>,{amqp_params_network,<<"guest">>,{plaintext,<<"guest">>},<<"/">>,"localhost",5672,0,0,10,50000,none,[fun amqp_auth_mechanisms:plain/3,fun amqp_auth_mechanisms:amqplain/3],[],[]}]}},{restart_type,intrinsic},{shutdown,brutal_kill},{child_type,worker}]

2020-10-29 08:25:05 =SUPERVISOR REPORT====
     Supervisor: {<0.327.0>,amqp_connection_sup}
     Context:    shutdown
     Reason:     reached_max_restart_intensity
     Offender:   [{pid,<0.329.0>},{name,connection},{mfargs,{amqp_gen_connection,start_link,[<0.328.0>,{amqp_params_network,<<"guest">>,{plaintext,<<"guest">>},<<"/">>,"localhost",5672,0,0,10,50000,none,[fun amqp_auth_mechanisms:plain/3,fun amqp_auth_mechanisms:amqplain/3],[],[]}]}},{restart_type,intrinsic},{shutdown,brutal_kill},{child_type,worker}]

2020-10-29 08:25:05 =CRASH REPORT====
  crasher:
    initial call: amqp_gen_connection:init/1
    pid: <0.342.0>
    registered_name: []
    exception exit: {{socket_error,timeout},[{gen_server,handle_common_reply,8,[{file,"gen_server.erl"},{line,751}]},{proc_lib,init_p_do_apply,3,[{file,"proc_lib.erl"},{line,249}]}]}
    ancestors: [<0.340.0>,amqp_sup,<0.247.0>]
    message_queue_len: 0
    messages: []
    links: [<0.340.0>]
    dictionary: [{gen_server_call_timeout,60000},{process_name,{amqp_gen_connection,<<"client 127.0.0.1:51240 -> 127.0.0.1:5672">>}}]
    trap_exit: true
    status: running
    heap_size: 4185
    stack_size: 27
    reductions: 14111
  neighbours:
2020-10-29 08:25:05 =CRASH REPORT====
  crasher:
    initial call: amqp_gen_connection:init/1
    pid: <0.312.0>
    registered_name: []
    exception exit: {{socket_error,timeout},[{gen_server,handle_common_reply,8,[{file,"gen_server.erl"},{line,751}]},{proc_lib,init_p_do_apply,3,[{file,"proc_lib.erl"},{line,249}]}]}
    ancestors: [<0.310.0>,amqp_sup,<0.247.0>]
    message_queue_len: 0
    messages: []
    links: [<0.310.0>]
    dictionary: [{gen_server_call_timeout,60000},{process_name,{amqp_gen_connection,<<"client 127.0.0.1:51224 -> 127.0.0.1:5672">>}}]
    trap_exit: true
    status: running
    heap_size: 4185
    stack_size: 27
    reductions: 14159
  neighbours:
2020-10-29 08:25:05 =SUPERVISOR REPORT====
     Supervisor: {<0.310.0>,amqp_connection_sup}
     Context:    child_terminated
     Reason:     {socket_error,timeout}
     Offender:   [{pid,<0.312.0>},{name,connection},{mfargs,{amqp_gen_connection,start_link,[<0.311.0>,{amqp_params_network,<<"guest">>,{plaintext,<<"guest">>},<<"/">>,"localhost",5672,0,0,10,50000,none,[fun amqp_auth_mechanisms:plain/3,fun amqp_auth_mechanisms:amqplain/3],[],[]}]}},{restart_type,intrinsic},{shutdown,brutal_kill},{child_type,worker}]

2020-10-29 08:25:05 =SUPERVISOR REPORT====
     Supervisor: {<0.310.0>,amqp_connection_sup}
     Context:    shutdown
     Reason:     reached_max_restart_intensity
     Offender:   [{pid,<0.312.0>},{name,connection},{mfargs,{amqp_gen_connection,start_link,[<0.311.0>,{amqp_params_network,<<"guest">>,{plaintext,<<"guest">>},<<"/">>,"localhost",5672,0,0,10,50000,none,[fun amqp_auth_mechanisms:plain/3,fun amqp_auth_mechanisms:amqplain/3],[],[]}]}},{restart_type,intrinsic},{shutdown,brutal_kill},{child_type,worker}]

2020-10-29 08:25:05 =SUPERVISOR REPORT====
     Supervisor: {<0.340.0>,amqp_connection_sup}
     Context:    child_terminated
     Reason:     {socket_error,timeout}
     Offender:   [{pid,<0.342.0>},{name,connection},{mfargs,{amqp_gen_connection,start_link,[<0.341.0>,{amqp_params_network,<<"guest">>,{plaintext,<<"guest">>},<<"/">>,"localhost",5672,0,0,10,50000,none,[fun amqp_auth_mechanisms:plain/3,fun amqp_auth_mechanisms:amqplain/3],[],[]}]}},{restart_type,intrinsic},{shutdown,brutal_kill},{child_type,worker}]

2020-10-29 08:25:05 =SUPERVISOR REPORT====
     Supervisor: {<0.340.0>,amqp_connection_sup}
     Context:    shutdown
     Reason:     reached_max_restart_intensity
     Offender:   [{pid,<0.342.0>},{name,connection},{mfargs,{amqp_gen_connection,start_link,[<0.341.0>,{amqp_params_network,<<"guest">>,{plaintext,<<"guest">>},<<"/">>,"localhost",5672,0,0,10,50000,none,[fun amqp_auth_mechanisms:plain/3,fun amqp_auth_mechanisms:amqplain/3],[],[]}]}},{restart_type,intrinsic},{shutdown,brutal_kill},{child_type,worker}]

2020-10-29 08:25:06 =CRASH REPORT====
  crasher:
    initial call: amqp_gen_connection:init/1
    pid: <0.355.0>
    registered_name: []
    exception exit: {{socket_error,timeout},[{gen_server,handle_common_reply,8,[{file,"gen_server.erl"},{line,751}]},{proc_lib,init_p_do_apply,3,[{file,"proc_lib.erl"},{line,249}]}]}
    ancestors: [<0.353.0>,amqp_sup,<0.247.0>]
    message_queue_len: 0
    messages: []
    links: [<0.353.0>]
    dictionary: [{gen_server_call_timeout,60000},{process_name,{amqp_gen_connection,<<"client 127.0.0.1:51241 -> 127.0.0.1:5672">>}}]
    trap_exit: true
    status: running
    heap_size: 4185
    stack_size: 27
    reductions: 14124
  neighbours:
2020-10-29 08:25:06 =SUPERVISOR REPORT====
     Supervisor: {<0.353.0>,amqp_connection_sup}
     Context:    child_terminated
     Reason:     {socket_error,timeout}
     Offender:   [{pid,<0.355.0>},{name,connection},{mfargs,{amqp_gen_connection,start_link,[<0.354.0>,{amqp_params_network,<<"guest">>,{plaintext,<<"guest">>},<<"/">>,"localhost",5672,0,0,10,50000,none,[fun amqp_auth_mechanisms:plain/3,fun amqp_auth_mechanisms:amqplain/3],[],[]}]}},{restart_type,intrinsic},{shutdown,brutal_kill},{child_type,worker}]

2020-10-29 08:25:06 =SUPERVISOR REPORT====
     Supervisor: {<0.353.0>,amqp_connection_sup}
     Context:    shutdown
     Reason:     reached_max_restart_intensity
     Offender:   [{pid,<0.355.0>},{name,connection},{mfargs,{amqp_gen_connection,start_link,[<0.354.0>,{amqp_params_network,<<"guest">>,{plaintext,<<"guest">>},<<"/">>,"localhost",5672,0,0,10,50000,none,[fun amqp_auth_mechanisms:plain/3,fun amqp_auth_mechanisms:amqplain/3],[],[]}]}},{restart_type,intrinsic},{shutdown,brutal_kill},{child_type,worker}]

