2020-12-31 15:17:16.889 [info] <0.44.0> Application lager started on node nonode@nohost
2020-12-31 15:17:16.890 [info] <0.44.0> Application xmerl started on node nonode@nohost
2020-12-31 15:17:16.893 [info] <0.44.0> Application sasl started on node nonode@nohost
2020-12-31 15:17:16.894 [info] <0.44.0> Application tools started on node nonode@nohost
2020-12-31 15:17:16.894 [info] <0.44.0> Application jsx started on node nonode@nohost
2020-12-31 15:17:16.895 [info] <0.44.0> Application ranch started on node nonode@nohost
2020-12-31 15:17:16.896 [info] <0.44.0> Application recon started on node nonode@nohost
2020-12-31 15:17:16.940 [info] <0.44.0> Application credentials_obfuscation started on node nonode@nohost
2020-12-31 15:17:16.940 [info] <0.44.0> Application rabbit_common started on node nonode@nohost
2020-12-31 15:17:16.944 [info] <0.44.0> Application amqp_client started on node nonode@nohost
2020-12-31 15:17:16.945 [info] <0.44.0> Application amqp started on node nonode@nohost
2020-12-31 15:17:16.945 [info] <0.44.0> Application ecto_sql started on node nonode@nohost
2020-12-31 15:17:16.945 [info] <0.44.0> Application jason started on node nonode@nohost
2020-12-31 15:17:16.946 [info] <0.44.0> Application scrivener started on node nonode@nohost
2020-12-31 15:17:16.946 [info] <0.44.0> Application scrivener_ecto started on node nonode@nohost
2020-12-31 15:17:16.960 [info] <0.44.0> Application marketplace started on node nonode@nohost
2020-12-31 15:49:04.608 [info] <0.44.0> Application lager started on node nonode@nohost
2020-12-31 15:49:04.609 [info] <0.44.0> Application xmerl started on node nonode@nohost
2020-12-31 15:49:04.612 [info] <0.44.0> Application sasl started on node nonode@nohost
2020-12-31 15:49:04.612 [info] <0.44.0> Application tools started on node nonode@nohost
2020-12-31 15:49:04.613 [info] <0.44.0> Application jsx started on node nonode@nohost
2020-12-31 15:49:04.614 [info] <0.44.0> Application ranch started on node nonode@nohost
2020-12-31 15:49:04.614 [info] <0.44.0> Application recon started on node nonode@nohost
2020-12-31 15:49:04.656 [info] <0.44.0> Application credentials_obfuscation started on node nonode@nohost
2020-12-31 15:49:04.656 [info] <0.44.0> Application rabbit_common started on node nonode@nohost
2020-12-31 15:49:04.659 [info] <0.44.0> Application amqp_client started on node nonode@nohost
2020-12-31 15:49:04.660 [info] <0.44.0> Application amqp started on node nonode@nohost
2020-12-31 15:49:04.661 [info] <0.44.0> Application ecto_sql started on node nonode@nohost
2020-12-31 15:49:04.661 [info] <0.44.0> Application jason started on node nonode@nohost
2020-12-31 15:49:04.661 [info] <0.44.0> Application scrivener started on node nonode@nohost
2020-12-31 15:49:04.662 [info] <0.44.0> Application scrivener_ecto started on node nonode@nohost
2020-12-31 15:49:04.681 [info] <0.44.0> Application marketplace started on node nonode@nohost
2020-12-31 15:59:25.829 [info] <0.44.0> Application lager started on node nonode@nohost
2020-12-31 15:59:25.831 [info] <0.44.0> Application xmerl started on node nonode@nohost
2020-12-31 15:59:25.834 [info] <0.44.0> Application sasl started on node nonode@nohost
2020-12-31 15:59:25.834 [info] <0.44.0> Application tools started on node nonode@nohost
2020-12-31 15:59:25.834 [info] <0.44.0> Application jsx started on node nonode@nohost
2020-12-31 15:59:25.835 [info] <0.44.0> Application ranch started on node nonode@nohost
2020-12-31 15:59:25.836 [info] <0.44.0> Application recon started on node nonode@nohost
2020-12-31 15:59:25.879 [info] <0.44.0> Application credentials_obfuscation started on node nonode@nohost
2020-12-31 15:59:25.879 [info] <0.44.0> Application rabbit_common started on node nonode@nohost
2020-12-31 15:59:25.883 [info] <0.44.0> Application amqp_client started on node nonode@nohost
2020-12-31 15:59:25.884 [info] <0.44.0> Application amqp started on node nonode@nohost
2020-12-31 15:59:25.885 [info] <0.44.0> Application ecto_sql started on node nonode@nohost
2020-12-31 15:59:25.885 [info] <0.44.0> Application jason started on node nonode@nohost
2020-12-31 15:59:25.885 [info] <0.44.0> Application scrivener started on node nonode@nohost
2020-12-31 15:59:25.885 [info] <0.44.0> Application scrivener_ecto started on node nonode@nohost
2020-12-31 15:59:25.906 [info] <0.44.0> Application marketplace started on node nonode@nohost
2020-12-31 16:10:19.853 [info] <0.44.0> Application lager started on node nonode@nohost
2020-12-31 16:10:19.855 [info] <0.44.0> Application xmerl started on node nonode@nohost
2020-12-31 16:10:19.858 [info] <0.44.0> Application sasl started on node nonode@nohost
2020-12-31 16:10:19.858 [info] <0.44.0> Application tools started on node nonode@nohost
2020-12-31 16:10:19.858 [info] <0.44.0> Application jsx started on node nonode@nohost
2020-12-31 16:10:19.860 [info] <0.44.0> Application ranch started on node nonode@nohost
2020-12-31 16:10:19.860 [info] <0.44.0> Application recon started on node nonode@nohost
2020-12-31 16:10:19.903 [info] <0.44.0> Application credentials_obfuscation started on node nonode@nohost
2020-12-31 16:10:19.903 [info] <0.44.0> Application rabbit_common started on node nonode@nohost
2020-12-31 16:10:19.907 [info] <0.44.0> Application amqp_client started on node nonode@nohost
2020-12-31 16:10:19.908 [info] <0.44.0> Application amqp started on node nonode@nohost
2020-12-31 16:10:19.909 [info] <0.44.0> Application ecto_sql started on node nonode@nohost
2020-12-31 16:10:19.909 [info] <0.44.0> Application jason started on node nonode@nohost
2020-12-31 16:10:19.909 [info] <0.44.0> Application scrivener started on node nonode@nohost
2020-12-31 16:10:19.909 [info] <0.44.0> Application scrivener_ecto started on node nonode@nohost
2020-12-31 16:10:19.929 [info] <0.44.0> Application marketplace started on node nonode@nohost
2020-12-31 16:22:06.174 [info] <0.44.0> Application lager started on node nonode@nohost
2020-12-31 16:22:06.176 [info] <0.44.0> Application xmerl started on node nonode@nohost
2020-12-31 16:22:06.179 [info] <0.44.0> Application sasl started on node nonode@nohost
2020-12-31 16:22:06.179 [info] <0.44.0> Application tools started on node nonode@nohost
2020-12-31 16:22:06.179 [info] <0.44.0> Application jsx started on node nonode@nohost
2020-12-31 16:22:06.180 [info] <0.44.0> Application ranch started on node nonode@nohost
2020-12-31 16:22:06.180 [info] <0.44.0> Application recon started on node nonode@nohost
2020-12-31 16:22:06.224 [info] <0.44.0> Application credentials_obfuscation started on node nonode@nohost
2020-12-31 16:22:06.224 [info] <0.44.0> Application rabbit_common started on node nonode@nohost
2020-12-31 16:22:06.228 [info] <0.44.0> Application amqp_client started on node nonode@nohost
2020-12-31 16:22:06.229 [info] <0.44.0> Application amqp started on node nonode@nohost
2020-12-31 16:22:06.230 [info] <0.44.0> Application ecto_sql started on node nonode@nohost
2020-12-31 16:22:06.230 [info] <0.44.0> Application jason started on node nonode@nohost
2020-12-31 16:22:06.230 [info] <0.44.0> Application scrivener started on node nonode@nohost
2020-12-31 16:22:06.230 [info] <0.44.0> Application scrivener_ecto started on node nonode@nohost
2020-12-31 16:22:06.250 [info] <0.44.0> Application marketplace started on node nonode@nohost
2020-12-31 17:28:01.890 [info] <0.44.0> Application lager started on node nonode@nohost
2020-12-31 17:28:01.892 [info] <0.44.0> Application xmerl started on node nonode@nohost
2020-12-31 17:28:01.895 [info] <0.44.0> Application sasl started on node nonode@nohost
2020-12-31 17:28:01.895 [info] <0.44.0> Application tools started on node nonode@nohost
2020-12-31 17:28:01.895 [info] <0.44.0> Application jsx started on node nonode@nohost
2020-12-31 17:28:01.897 [info] <0.44.0> Application ranch started on node nonode@nohost
2020-12-31 17:28:01.898 [info] <0.44.0> Application recon started on node nonode@nohost
2020-12-31 17:28:01.940 [info] <0.44.0> Application credentials_obfuscation started on node nonode@nohost
2020-12-31 17:28:01.940 [info] <0.44.0> Application rabbit_common started on node nonode@nohost
2020-12-31 17:28:01.944 [info] <0.44.0> Application amqp_client started on node nonode@nohost
2020-12-31 17:28:01.945 [info] <0.44.0> Application amqp started on node nonode@nohost
2020-12-31 17:28:01.946 [info] <0.44.0> Application ecto_sql started on node nonode@nohost
2020-12-31 17:28:01.946 [info] <0.44.0> Application jason started on node nonode@nohost
2020-12-31 17:28:01.946 [info] <0.44.0> Application scrivener started on node nonode@nohost
2020-12-31 17:28:01.946 [info] <0.44.0> Application scrivener_ecto started on node nonode@nohost
2020-12-31 17:28:01.965 [info] <0.44.0> Application marketplace started on node nonode@nohost
2020-12-31 18:28:10.965 [info] <0.44.0> Application lager started on node nonode@nohost
2020-12-31 18:28:10.965 [info] <0.44.0> Application jsx started on node nonode@nohost
2020-12-31 18:28:10.965 [info] <0.44.0> Application ranch started on node nonode@nohost
2020-12-31 18:28:10.965 [info] <0.44.0> Application recon started on node nonode@nohost
2020-12-31 18:28:10.971 [info] <0.44.0> Application credentials_obfuscation started on node nonode@nohost
2020-12-31 18:28:10.971 [info] <0.44.0> Application rabbit_common started on node nonode@nohost
2020-12-31 18:28:10.971 [info] <0.44.0> Application amqp_client started on node nonode@nohost
2020-12-31 18:30:31.877 [warning] <0.3541.0> Connection (<0.3541.0>) closing: received hard error {'connection.close',320,<<"CONNECTION_FORCED - broker forced connection closure with reason 'shutdown'">>,0,0} from server
2020-12-31 18:30:31.877 [warning] <0.3417.0> Connection (<0.3417.0>) closing: received hard error {'connection.close',320,<<"CONNECTION_FORCED - broker forced connection closure with reason 'shutdown'">>,0,0} from server
2020-12-31 18:30:31.878 [warning] <0.4203.0> Connection (<0.4203.0>) closing: received hard error {'connection.close',320,<<"CONNECTION_FORCED - broker forced connection closure with reason 'shutdown'">>,0,0} from server
2020-12-31 18:30:31.878 [warning] <0.4073.0> Connection (<0.4073.0>) closing: received hard error {'connection.close',320,<<"CONNECTION_FORCED - broker forced connection closure with reason 'shutdown'">>,0,0} from server
2020-12-31 18:30:31.878 [warning] <0.4349.0> Connection (<0.4349.0>) closing: received hard error {'connection.close',320,<<"CONNECTION_FORCED - broker forced connection closure with reason 'shutdown'">>,0,0} from server
2020-12-31 18:30:31.878 [warning] <0.4492.0> Connection (<0.4492.0>) closing: received hard error {'connection.close',320,<<"CONNECTION_FORCED - broker forced connection closure with reason 'shutdown'">>,0,0} from server
2020-12-31 18:30:31.878 [warning] <0.3943.0> Connection (<0.3943.0>) closing: received hard error {'connection.close',320,<<"CONNECTION_FORCED - broker forced connection closure with reason 'shutdown'">>,0,0} from server
2020-12-31 18:30:31.878 [warning] <0.3208.0> Connection (<0.3208.0>) closing: received hard error {'connection.close',320,<<"CONNECTION_FORCED - broker forced connection closure with reason 'shutdown'">>,0,0} from server
2020-12-31 18:30:31.878 [warning] <0.3666.0> Connection (<0.3666.0>) closing: received hard error {'connection.close',320,<<"CONNECTION_FORCED - broker forced connection closure with reason 'shutdown'">>,0,0} from server
2020-12-31 18:30:31.878 [error] <0.3542.0> Supervisor {<0.3542.0>,amqp_channel_sup_sup} had child channel_sup started with amqp_channel_sup:start_link(network, <0.3541.0>, <<"client 127.0.0.1:51399 -> 127.0.0.1:5672">>) at undefined exit with reason shutdown in context shutdown_error
2020-12-31 18:30:31.878 [error] <0.3418.0> Supervisor {<0.3418.0>,amqp_channel_sup_sup} had child channel_sup started with amqp_channel_sup:start_link(network, <0.3417.0>, <<"client 127.0.0.1:33943 -> 127.0.0.1:5672">>) at undefined exit with reason noproc in context shutdown_error
2020-12-31 18:30:31.879 [error] <0.3944.0> Supervisor {<0.3944.0>,amqp_channel_sup_sup} had child channel_sup started with amqp_channel_sup:start_link(network, <0.3943.0>, <<"client 127.0.0.1:34047 -> 127.0.0.1:5672">>) at undefined exit with reason shutdown in context shutdown_error
2020-12-31 18:30:31.879 [error] <0.4204.0> Supervisor {<0.4204.0>,amqp_channel_sup_sup} had child channel_sup started with amqp_channel_sup:start_link(network, <0.4203.0>, <<"client 127.0.0.1:42809 -> 127.0.0.1:5672">>) at undefined exit with reason noproc in context shutdown_error
2020-12-31 19:02:54.221 [info] <0.44.0> Application lager started on node nonode@nohost
2020-12-31 19:02:54.222 [info] <0.44.0> Application xmerl started on node nonode@nohost
2020-12-31 19:02:54.225 [info] <0.44.0> Application sasl started on node nonode@nohost
2020-12-31 19:02:54.225 [info] <0.44.0> Application tools started on node nonode@nohost
2020-12-31 19:02:54.225 [info] <0.44.0> Application jsx started on node nonode@nohost
2020-12-31 19:02:54.227 [info] <0.44.0> Application ranch started on node nonode@nohost
2020-12-31 19:02:54.227 [info] <0.44.0> Application recon started on node nonode@nohost
2020-12-31 19:02:54.270 [info] <0.44.0> Application credentials_obfuscation started on node nonode@nohost
2020-12-31 19:02:54.270 [info] <0.44.0> Application rabbit_common started on node nonode@nohost
2020-12-31 19:02:54.274 [info] <0.44.0> Application amqp_client started on node nonode@nohost
2020-12-31 19:02:54.276 [info] <0.44.0> Application amqp started on node nonode@nohost
2020-12-31 19:02:54.276 [info] <0.44.0> Application ecto_sql started on node nonode@nohost
2020-12-31 19:02:54.276 [info] <0.44.0> Application jason started on node nonode@nohost
2020-12-31 19:02:54.277 [info] <0.44.0> Application scrivener started on node nonode@nohost
2020-12-31 19:02:54.277 [info] <0.44.0> Application scrivener_ecto started on node nonode@nohost
2020-12-31 19:03:50.469 [info] <0.44.0> Application lager started on node nonode@nohost
2020-12-31 19:03:50.471 [info] <0.44.0> Application xmerl started on node nonode@nohost
2020-12-31 19:03:50.473 [info] <0.44.0> Application sasl started on node nonode@nohost
2020-12-31 19:03:50.474 [info] <0.44.0> Application tools started on node nonode@nohost
2020-12-31 19:03:50.474 [info] <0.44.0> Application jsx started on node nonode@nohost
2020-12-31 19:03:50.476 [info] <0.44.0> Application ranch started on node nonode@nohost
2020-12-31 19:03:50.476 [info] <0.44.0> Application recon started on node nonode@nohost
2020-12-31 19:03:50.518 [info] <0.44.0> Application credentials_obfuscation started on node nonode@nohost
2020-12-31 19:03:50.518 [info] <0.44.0> Application rabbit_common started on node nonode@nohost
2020-12-31 19:03:50.522 [info] <0.44.0> Application amqp_client started on node nonode@nohost
2020-12-31 19:03:50.523 [info] <0.44.0> Application amqp started on node nonode@nohost
2020-12-31 19:03:50.524 [info] <0.44.0> Application ecto_sql started on node nonode@nohost
2020-12-31 19:03:50.524 [info] <0.44.0> Application jason started on node nonode@nohost
2020-12-31 19:03:50.524 [info] <0.44.0> Application scrivener started on node nonode@nohost
2020-12-31 19:03:50.524 [info] <0.44.0> Application scrivener_ecto started on node nonode@nohost
2020-12-31 19:03:55.563 [error] <0.328.0> CRASH REPORT Process <0.328.0> with 0 neighbours exited with reason: #{'__exception__' => true,'__struct__' => 'Elixir.RuntimeError',message => <<"could not lookup Ecto repo Marketplace.Repo because it was not started or it does not exist">>} in 'Elixir.Ecto.Repo.Registry':lookup/1 line 19 in application_master:init/4 line 138
2020-12-31 19:04:27.499 [info] <0.44.0> Application lager started on node nonode@nohost
2020-12-31 19:04:27.500 [info] <0.44.0> Application xmerl started on node nonode@nohost
2020-12-31 19:04:27.504 [info] <0.44.0> Application sasl started on node nonode@nohost
2020-12-31 19:04:27.504 [info] <0.44.0> Application tools started on node nonode@nohost
2020-12-31 19:04:27.504 [info] <0.44.0> Application jsx started on node nonode@nohost
2020-12-31 19:04:27.506 [info] <0.44.0> Application ranch started on node nonode@nohost
2020-12-31 19:04:27.506 [info] <0.44.0> Application recon started on node nonode@nohost
2020-12-31 19:04:27.551 [info] <0.44.0> Application credentials_obfuscation started on node nonode@nohost
2020-12-31 19:04:27.551 [info] <0.44.0> Application rabbit_common started on node nonode@nohost
2020-12-31 19:04:27.554 [info] <0.44.0> Application amqp_client started on node nonode@nohost
2020-12-31 19:04:27.556 [info] <0.44.0> Application amqp started on node nonode@nohost
2020-12-31 19:04:27.556 [info] <0.44.0> Application ecto_sql started on node nonode@nohost
2020-12-31 19:04:27.556 [info] <0.44.0> Application jason started on node nonode@nohost
2020-12-31 19:04:27.556 [info] <0.44.0> Application scrivener started on node nonode@nohost
2020-12-31 19:04:27.556 [info] <0.44.0> Application scrivener_ecto started on node nonode@nohost
2020-12-31 19:04:27.613 [error] <0.308.0> CRASH REPORT Process <0.308.0> with 0 neighbours exited with reason: #{'__exception__' => true,'__struct__' => 'Elixir.RuntimeError',message => <<"could not lookup Ecto repo Marketplace.Repo because it was not started or it does not exist">>} in 'Elixir.Ecto.Repo.Registry':lookup/1 line 19 in application_master:init/4 line 138
2020-12-31 19:04:29.745 [info] <0.44.0> Application lager started on node nonode@nohost
2020-12-31 19:04:29.747 [info] <0.44.0> Application xmerl started on node nonode@nohost
2020-12-31 19:04:29.750 [info] <0.44.0> Application sasl started on node nonode@nohost
2020-12-31 19:04:29.750 [info] <0.44.0> Application tools started on node nonode@nohost
2020-12-31 19:04:29.750 [info] <0.44.0> Application jsx started on node nonode@nohost
2020-12-31 19:04:29.752 [info] <0.44.0> Application ranch started on node nonode@nohost
2020-12-31 19:04:29.752 [info] <0.44.0> Application recon started on node nonode@nohost
2020-12-31 19:04:29.797 [info] <0.44.0> Application credentials_obfuscation started on node nonode@nohost
2020-12-31 19:04:29.797 [info] <0.44.0> Application rabbit_common started on node nonode@nohost
2020-12-31 19:04:29.800 [info] <0.44.0> Application amqp_client started on node nonode@nohost
2020-12-31 19:04:29.802 [info] <0.44.0> Application amqp started on node nonode@nohost
2020-12-31 19:04:29.802 [info] <0.44.0> Application ecto_sql started on node nonode@nohost
2020-12-31 19:04:29.802 [info] <0.44.0> Application jason started on node nonode@nohost
2020-12-31 19:04:29.803 [info] <0.44.0> Application scrivener started on node nonode@nohost
2020-12-31 19:04:29.803 [info] <0.44.0> Application scrivener_ecto started on node nonode@nohost
2020-12-31 19:04:29.858 [error] <0.308.0> CRASH REPORT Process <0.308.0> with 0 neighbours exited with reason: #{'__exception__' => true,'__struct__' => 'Elixir.RuntimeError',message => <<"could not lookup Ecto repo Marketplace.Repo because it was not started or it does not exist">>} in 'Elixir.Ecto.Repo.Registry':lookup/1 line 19 in application_master:init/4 line 138
2020-12-31 19:05:06.943 [info] <0.44.0> Application lager started on node nonode@nohost
2020-12-31 19:05:06.945 [info] <0.44.0> Application xmerl started on node nonode@nohost
2020-12-31 19:05:06.948 [info] <0.44.0> Application sasl started on node nonode@nohost
2020-12-31 19:05:06.948 [info] <0.44.0> Application tools started on node nonode@nohost
2020-12-31 19:05:06.948 [info] <0.44.0> Application jsx started on node nonode@nohost
2020-12-31 19:05:06.950 [info] <0.44.0> Application ranch started on node nonode@nohost
2020-12-31 19:05:06.950 [info] <0.44.0> Application recon started on node nonode@nohost
2020-12-31 19:05:06.995 [info] <0.44.0> Application credentials_obfuscation started on node nonode@nohost
2020-12-31 19:05:06.995 [info] <0.44.0> Application rabbit_common started on node nonode@nohost
2020-12-31 19:05:06.999 [info] <0.44.0> Application amqp_client started on node nonode@nohost
2020-12-31 19:05:07.001 [info] <0.44.0> Application amqp started on node nonode@nohost
2020-12-31 19:05:07.001 [info] <0.44.0> Application ecto_sql started on node nonode@nohost
2020-12-31 19:05:07.001 [info] <0.44.0> Application jason started on node nonode@nohost
2020-12-31 19:05:07.002 [info] <0.44.0> Application scrivener started on node nonode@nohost
2020-12-31 19:05:07.002 [info] <0.44.0> Application scrivener_ecto started on node nonode@nohost
2020-12-31 19:05:07.056 [error] <0.322.0> CRASH REPORT Process <0.322.0> with 0 neighbours exited with reason: #{'__exception__' => true,'__struct__' => 'Elixir.RuntimeError',message => <<"could not lookup Ecto repo Marketplace.Repo because it was not started or it does not exist">>} in 'Elixir.Ecto.Repo.Registry':lookup/1 line 19 in application_master:init/4 line 138
2020-12-31 19:05:08.164 [info] <0.44.0> Application lager started on node nonode@nohost
2020-12-31 19:05:08.166 [info] <0.44.0> Application xmerl started on node nonode@nohost
2020-12-31 19:05:08.169 [info] <0.44.0> Application sasl started on node nonode@nohost
2020-12-31 19:05:08.169 [info] <0.44.0> Application tools started on node nonode@nohost
2020-12-31 19:05:08.169 [info] <0.44.0> Application jsx started on node nonode@nohost
2020-12-31 19:05:08.171 [info] <0.44.0> Application ranch started on node nonode@nohost
2020-12-31 19:05:08.171 [info] <0.44.0> Application recon started on node nonode@nohost
2020-12-31 19:05:08.215 [info] <0.44.0> Application credentials_obfuscation started on node nonode@nohost
2020-12-31 19:05:08.215 [info] <0.44.0> Application rabbit_common started on node nonode@nohost
2020-12-31 19:05:08.219 [info] <0.44.0> Application amqp_client started on node nonode@nohost
2020-12-31 19:05:08.220 [info] <0.44.0> Application amqp started on node nonode@nohost
2020-12-31 19:05:08.221 [info] <0.44.0> Application ecto_sql started on node nonode@nohost
2020-12-31 19:05:08.221 [info] <0.44.0> Application jason started on node nonode@nohost
2020-12-31 19:05:08.221 [info] <0.44.0> Application scrivener started on node nonode@nohost
2020-12-31 19:05:08.221 [info] <0.44.0> Application scrivener_ecto started on node nonode@nohost
2020-12-31 19:05:08.278 [error] <0.308.0> CRASH REPORT Process <0.308.0> with 0 neighbours exited with reason: #{'__exception__' => true,'__struct__' => 'Elixir.RuntimeError',message => <<"could not lookup Ecto repo Marketplace.Repo because it was not started or it does not exist">>} in 'Elixir.Ecto.Repo.Registry':lookup/1 line 19 in application_master:init/4 line 138
2020-12-31 19:07:07.116 [info] <0.44.0> Application lager started on node nonode@nohost
2020-12-31 19:07:07.118 [info] <0.44.0> Application xmerl started on node nonode@nohost
2020-12-31 19:07:07.120 [info] <0.44.0> Application sasl started on node nonode@nohost
2020-12-31 19:07:07.120 [info] <0.44.0> Application tools started on node nonode@nohost
2020-12-31 19:07:07.120 [info] <0.44.0> Application jsx started on node nonode@nohost
2020-12-31 19:07:07.125 [info] <0.44.0> Application ranch started on node nonode@nohost
2020-12-31 19:07:07.125 [info] <0.44.0> Application recon started on node nonode@nohost
2020-12-31 19:07:07.171 [info] <0.44.0> Application credentials_obfuscation started on node nonode@nohost
2020-12-31 19:07:07.172 [info] <0.44.0> Application rabbit_common started on node nonode@nohost
2020-12-31 19:07:07.179 [info] <0.44.0> Application amqp_client started on node nonode@nohost
2020-12-31 19:07:07.180 [info] <0.44.0> Application amqp started on node nonode@nohost
2020-12-31 19:07:07.181 [info] <0.44.0> Application ecto_sql started on node nonode@nohost
2020-12-31 19:07:07.181 [info] <0.44.0> Application jason started on node nonode@nohost
2020-12-31 19:07:07.181 [info] <0.44.0> Application scrivener started on node nonode@nohost
2020-12-31 19:07:07.181 [info] <0.44.0> Application scrivener_ecto started on node nonode@nohost
2020-12-31 19:07:07.261 [error] <0.328.0> CRASH REPORT Process <0.328.0> with 0 neighbours exited with reason: #{'__exception__' => true,'__struct__' => 'Elixir.RuntimeError',message => <<"could not lookup Ecto repo Marketplace.Repo because it was not started or it does not exist">>} in 'Elixir.Ecto.Repo.Registry':lookup/1 line 19 in application_master:init/4 line 138
2020-12-31 19:09:56.920 [info] <0.44.0> Application lager started on node nonode@nohost
2020-12-31 19:09:56.922 [info] <0.44.0> Application xmerl started on node nonode@nohost
2020-12-31 19:09:56.925 [info] <0.44.0> Application sasl started on node nonode@nohost
2020-12-31 19:09:56.925 [info] <0.44.0> Application tools started on node nonode@nohost
2020-12-31 19:09:56.925 [info] <0.44.0> Application jsx started on node nonode@nohost
2020-12-31 19:09:56.927 [info] <0.44.0> Application ranch started on node nonode@nohost
2020-12-31 19:09:56.927 [info] <0.44.0> Application recon started on node nonode@nohost
2020-12-31 19:09:56.973 [info] <0.44.0> Application credentials_obfuscation started on node nonode@nohost
2020-12-31 19:09:56.973 [info] <0.44.0> Application rabbit_common started on node nonode@nohost
2020-12-31 19:09:56.976 [info] <0.44.0> Application amqp_client started on node nonode@nohost
2020-12-31 19:09:56.978 [info] <0.44.0> Application amqp started on node nonode@nohost
2020-12-31 19:09:56.978 [info] <0.44.0> Application ecto_sql started on node nonode@nohost
2020-12-31 19:09:56.978 [info] <0.44.0> Application jason started on node nonode@nohost
2020-12-31 19:09:56.979 [info] <0.44.0> Application scrivener started on node nonode@nohost
2020-12-31 19:09:56.979 [info] <0.44.0> Application scrivener_ecto started on node nonode@nohost
2020-12-31 19:21:59.400 [info] <0.44.0> Application lager started on node nonode@nohost
2020-12-31 19:21:59.401 [info] <0.44.0> Application xmerl started on node nonode@nohost
2020-12-31 19:21:59.405 [info] <0.44.0> Application sasl started on node nonode@nohost
2020-12-31 19:21:59.405 [info] <0.44.0> Application tools started on node nonode@nohost
2020-12-31 19:21:59.405 [info] <0.44.0> Application jsx started on node nonode@nohost
2020-12-31 19:21:59.409 [info] <0.44.0> Application ranch started on node nonode@nohost
2020-12-31 19:21:59.409 [info] <0.44.0> Application recon started on node nonode@nohost
2020-12-31 19:21:59.459 [info] <0.44.0> Application credentials_obfuscation started on node nonode@nohost
2020-12-31 19:21:59.459 [info] <0.44.0> Application rabbit_common started on node nonode@nohost
2020-12-31 19:21:59.463 [info] <0.44.0> Application amqp_client started on node nonode@nohost
2020-12-31 19:21:59.463 [info] <0.44.0> Application amqp started on node nonode@nohost
2020-12-31 19:21:59.464 [info] <0.44.0> Application ecto_sql started on node nonode@nohost
2020-12-31 19:21:59.464 [info] <0.44.0> Application jason started on node nonode@nohost
2020-12-31 19:21:59.464 [info] <0.44.0> Application scrivener started on node nonode@nohost
2020-12-31 19:21:59.464 [info] <0.44.0> Application scrivener_ecto started on node nonode@nohost
2020-12-31 19:22:13.465 [info] <0.44.0> Application lager started on node nonode@nohost
2020-12-31 19:22:13.467 [info] <0.44.0> Application xmerl started on node nonode@nohost
2020-12-31 19:22:13.470 [info] <0.44.0> Application sasl started on node nonode@nohost
2020-12-31 19:22:13.470 [info] <0.44.0> Application tools started on node nonode@nohost
2020-12-31 19:22:13.470 [info] <0.44.0> Application jsx started on node nonode@nohost
2020-12-31 19:22:13.472 [info] <0.44.0> Application ranch started on node nonode@nohost
2020-12-31 19:22:13.472 [info] <0.44.0> Application recon started on node nonode@nohost
2020-12-31 19:22:13.514 [info] <0.44.0> Application credentials_obfuscation started on node nonode@nohost
2020-12-31 19:22:13.514 [info] <0.44.0> Application rabbit_common started on node nonode@nohost
2020-12-31 19:22:13.518 [info] <0.44.0> Application amqp_client started on node nonode@nohost
2020-12-31 19:22:13.519 [info] <0.44.0> Application amqp started on node nonode@nohost
2020-12-31 19:22:13.519 [info] <0.44.0> Application ecto_sql started on node nonode@nohost
2020-12-31 19:22:13.519 [info] <0.44.0> Application jason started on node nonode@nohost
2020-12-31 19:22:13.520 [info] <0.44.0> Application scrivener started on node nonode@nohost
2020-12-31 19:22:13.520 [info] <0.44.0> Application scrivener_ecto started on node nonode@nohost
2020-12-31 19:22:28.127 [info] <0.44.0> Application lager started on node nonode@nohost
2020-12-31 19:22:28.129 [info] <0.44.0> Application xmerl started on node nonode@nohost
2020-12-31 19:22:28.132 [info] <0.44.0> Application sasl started on node nonode@nohost
2020-12-31 19:22:28.132 [info] <0.44.0> Application tools started on node nonode@nohost
2020-12-31 19:22:28.132 [info] <0.44.0> Application jsx started on node nonode@nohost
2020-12-31 19:22:28.134 [info] <0.44.0> Application ranch started on node nonode@nohost
2020-12-31 19:22:28.134 [info] <0.44.0> Application recon started on node nonode@nohost
2020-12-31 19:22:28.180 [info] <0.44.0> Application credentials_obfuscation started on node nonode@nohost
2020-12-31 19:22:28.180 [info] <0.44.0> Application rabbit_common started on node nonode@nohost
2020-12-31 19:22:28.184 [info] <0.44.0> Application amqp_client started on node nonode@nohost
2020-12-31 19:22:28.185 [info] <0.44.0> Application amqp started on node nonode@nohost
2020-12-31 19:22:28.185 [info] <0.44.0> Application ecto_sql started on node nonode@nohost
2020-12-31 19:22:28.186 [info] <0.44.0> Application jason started on node nonode@nohost
2020-12-31 19:22:28.186 [info] <0.44.0> Application scrivener started on node nonode@nohost
2020-12-31 19:22:28.186 [info] <0.44.0> Application scrivener_ecto started on node nonode@nohost
2020-12-31 19:24:16.656 [info] <0.44.0> Application lager started on node nonode@nohost
2020-12-31 19:24:16.657 [info] <0.44.0> Application xmerl started on node nonode@nohost
2020-12-31 19:24:16.660 [info] <0.44.0> Application sasl started on node nonode@nohost
2020-12-31 19:24:16.660 [info] <0.44.0> Application tools started on node nonode@nohost
2020-12-31 19:24:16.661 [info] <0.44.0> Application jsx started on node nonode@nohost
2020-12-31 19:24:16.662 [info] <0.44.0> Application ranch started on node nonode@nohost
2020-12-31 19:24:16.662 [info] <0.44.0> Application recon started on node nonode@nohost
2020-12-31 19:24:16.706 [info] <0.44.0> Application credentials_obfuscation started on node nonode@nohost
2020-12-31 19:24:16.706 [info] <0.44.0> Application rabbit_common started on node nonode@nohost
2020-12-31 19:24:16.710 [info] <0.44.0> Application amqp_client started on node nonode@nohost
2020-12-31 19:24:16.711 [info] <0.44.0> Application amqp started on node nonode@nohost
2020-12-31 19:24:16.712 [info] <0.44.0> Application ecto_sql started on node nonode@nohost
2020-12-31 19:24:16.712 [info] <0.44.0> Application jason started on node nonode@nohost
2020-12-31 19:24:16.712 [info] <0.44.0> Application scrivener started on node nonode@nohost
2020-12-31 19:24:16.712 [info] <0.44.0> Application scrivener_ecto started on node nonode@nohost
2020-12-31 19:27:08.981 [info] <0.44.0> Application lager started on node nonode@nohost
2020-12-31 19:27:08.983 [info] <0.44.0> Application xmerl started on node nonode@nohost
2020-12-31 19:27:08.986 [info] <0.44.0> Application sasl started on node nonode@nohost
2020-12-31 19:27:08.986 [info] <0.44.0> Application tools started on node nonode@nohost
2020-12-31 19:27:08.986 [info] <0.44.0> Application jsx started on node nonode@nohost
2020-12-31 19:27:08.988 [info] <0.44.0> Application ranch started on node nonode@nohost
2020-12-31 19:27:08.988 [info] <0.44.0> Application recon started on node nonode@nohost
2020-12-31 19:27:09.032 [info] <0.44.0> Application credentials_obfuscation started on node nonode@nohost
2020-12-31 19:27:09.032 [info] <0.44.0> Application rabbit_common started on node nonode@nohost
2020-12-31 19:27:09.036 [info] <0.44.0> Application amqp_client started on node nonode@nohost
2020-12-31 19:27:09.037 [info] <0.44.0> Application amqp started on node nonode@nohost
2020-12-31 19:27:09.037 [info] <0.44.0> Application ecto_sql started on node nonode@nohost
2020-12-31 19:27:09.037 [info] <0.44.0> Application jason started on node nonode@nohost
2020-12-31 19:27:09.037 [info] <0.44.0> Application scrivener started on node nonode@nohost
2020-12-31 19:27:09.038 [info] <0.44.0> Application scrivener_ecto started on node nonode@nohost
2020-12-31 19:28:18.630 [info] <0.44.0> Application lager started on node nonode@nohost
2020-12-31 19:28:18.632 [info] <0.44.0> Application xmerl started on node nonode@nohost
2020-12-31 19:28:18.634 [info] <0.44.0> Application sasl started on node nonode@nohost
2020-12-31 19:28:18.634 [info] <0.44.0> Application tools started on node nonode@nohost
2020-12-31 19:28:18.634 [info] <0.44.0> Application jsx started on node nonode@nohost
2020-12-31 19:28:18.637 [info] <0.44.0> Application ranch started on node nonode@nohost
2020-12-31 19:28:18.637 [info] <0.44.0> Application recon started on node nonode@nohost
2020-12-31 19:28:18.679 [info] <0.44.0> Application credentials_obfuscation started on node nonode@nohost
2020-12-31 19:28:18.679 [info] <0.44.0> Application rabbit_common started on node nonode@nohost
2020-12-31 19:28:18.683 [info] <0.44.0> Application amqp_client started on node nonode@nohost
2020-12-31 19:28:18.684 [info] <0.44.0> Application amqp started on node nonode@nohost
2020-12-31 19:28:18.685 [info] <0.44.0> Application ecto_sql started on node nonode@nohost
2020-12-31 19:28:18.685 [info] <0.44.0> Application jason started on node nonode@nohost
2020-12-31 19:28:18.685 [info] <0.44.0> Application scrivener started on node nonode@nohost
2020-12-31 19:28:18.685 [info] <0.44.0> Application scrivener_ecto started on node nonode@nohost
2020-12-31 19:28:45.987 [info] <0.44.0> Application lager started on node nonode@nohost
2020-12-31 19:28:45.988 [info] <0.44.0> Application xmerl started on node nonode@nohost
2020-12-31 19:28:45.991 [info] <0.44.0> Application sasl started on node nonode@nohost
2020-12-31 19:28:45.991 [info] <0.44.0> Application tools started on node nonode@nohost
2020-12-31 19:28:45.991 [info] <0.44.0> Application jsx started on node nonode@nohost
2020-12-31 19:28:45.993 [info] <0.44.0> Application ranch started on node nonode@nohost
2020-12-31 19:28:45.993 [info] <0.44.0> Application recon started on node nonode@nohost
2020-12-31 19:28:46.035 [info] <0.44.0> Application credentials_obfuscation started on node nonode@nohost
2020-12-31 19:28:46.035 [info] <0.44.0> Application rabbit_common started on node nonode@nohost
2020-12-31 19:28:46.038 [info] <0.44.0> Application amqp_client started on node nonode@nohost
2020-12-31 19:28:46.039 [info] <0.44.0> Application amqp started on node nonode@nohost
2020-12-31 19:28:46.040 [info] <0.44.0> Application ecto_sql started on node nonode@nohost
2020-12-31 19:28:46.040 [info] <0.44.0> Application jason started on node nonode@nohost
2020-12-31 19:28:46.040 [info] <0.44.0> Application scrivener started on node nonode@nohost
2020-12-31 19:28:46.040 [info] <0.44.0> Application scrivener_ecto started on node nonode@nohost
2020-12-31 19:41:15.667 [info] <0.44.0> Application lager started on node nonode@nohost
2020-12-31 19:41:15.669 [info] <0.44.0> Application xmerl started on node nonode@nohost
2020-12-31 19:41:15.672 [info] <0.44.0> Application sasl started on node nonode@nohost
2020-12-31 19:41:15.672 [info] <0.44.0> Application tools started on node nonode@nohost
2020-12-31 19:41:15.672 [info] <0.44.0> Application jsx started on node nonode@nohost
2020-12-31 19:41:15.674 [info] <0.44.0> Application ranch started on node nonode@nohost
2020-12-31 19:41:15.674 [info] <0.44.0> Application recon started on node nonode@nohost
2020-12-31 19:41:15.719 [info] <0.44.0> Application credentials_obfuscation started on node nonode@nohost
2020-12-31 19:41:15.719 [info] <0.44.0> Application rabbit_common started on node nonode@nohost
2020-12-31 19:41:15.723 [info] <0.44.0> Application amqp_client started on node nonode@nohost
2020-12-31 19:41:15.724 [info] <0.44.0> Application amqp started on node nonode@nohost
2020-12-31 19:41:15.725 [info] <0.44.0> Application ecto_sql started on node nonode@nohost
2020-12-31 19:41:15.725 [info] <0.44.0> Application jason started on node nonode@nohost
2020-12-31 19:41:15.725 [info] <0.44.0> Application scrivener started on node nonode@nohost
2020-12-31 19:41:15.725 [info] <0.44.0> Application scrivener_ecto started on node nonode@nohost
2020-12-31 19:52:13.792 [info] <0.44.0> Application lager started on node nonode@nohost
2020-12-31 19:52:13.793 [info] <0.44.0> Application xmerl started on node nonode@nohost
2020-12-31 19:52:13.795 [info] <0.44.0> Application sasl started on node nonode@nohost
2020-12-31 19:52:13.795 [info] <0.44.0> Application tools started on node nonode@nohost
2020-12-31 19:52:13.795 [info] <0.44.0> Application jsx started on node nonode@nohost
2020-12-31 19:52:13.798 [info] <0.44.0> Application ranch started on node nonode@nohost
2020-12-31 19:52:13.798 [info] <0.44.0> Application recon started on node nonode@nohost
2020-12-31 19:52:13.843 [info] <0.44.0> Application credentials_obfuscation started on node nonode@nohost
2020-12-31 19:52:13.843 [info] <0.44.0> Application rabbit_common started on node nonode@nohost
2020-12-31 19:52:13.847 [info] <0.44.0> Application amqp_client started on node nonode@nohost
2020-12-31 19:52:13.848 [info] <0.44.0> Application amqp started on node nonode@nohost
2020-12-31 19:52:13.849 [info] <0.44.0> Application ecto_sql started on node nonode@nohost
2020-12-31 19:52:13.849 [info] <0.44.0> Application jason started on node nonode@nohost
2020-12-31 19:52:13.850 [info] <0.44.0> Application scrivener started on node nonode@nohost
2020-12-31 19:52:13.850 [info] <0.44.0> Application scrivener_ecto started on node nonode@nohost
2020-12-31 19:52:13.871 [error] <0.328.0>@Elixir.Marketplace.Application:start CRASH REPORT Process <0.328.0> with 0 neighbours exited with reason: bad return value <0.344.0> from 'Elixir.Marketplace.Application':start(normal, []) in application_master:init/4 line 138
2020-12-31 19:55:31.494 [info] <0.44.0> Application lager started on node nonode@nohost
2020-12-31 19:55:31.495 [info] <0.44.0> Application xmerl started on node nonode@nohost
2020-12-31 19:55:31.498 [info] <0.44.0> Application sasl started on node nonode@nohost
2020-12-31 19:55:31.498 [info] <0.44.0> Application tools started on node nonode@nohost
2020-12-31 19:55:31.498 [info] <0.44.0> Application jsx started on node nonode@nohost
2020-12-31 19:55:31.501 [info] <0.44.0> Application ranch started on node nonode@nohost
2020-12-31 19:55:31.501 [info] <0.44.0> Application recon started on node nonode@nohost
2020-12-31 19:55:31.549 [info] <0.44.0> Application credentials_obfuscation started on node nonode@nohost
2020-12-31 19:55:31.549 [info] <0.44.0> Application rabbit_common started on node nonode@nohost
2020-12-31 19:55:31.553 [info] <0.44.0> Application amqp_client started on node nonode@nohost
2020-12-31 19:55:31.554 [info] <0.44.0> Application amqp started on node nonode@nohost
2020-12-31 19:55:31.556 [info] <0.44.0> Application ecto_sql started on node nonode@nohost
2020-12-31 19:55:31.556 [info] <0.44.0> Application jason started on node nonode@nohost
2020-12-31 19:55:31.556 [info] <0.44.0> Application scrivener started on node nonode@nohost
2020-12-31 19:55:31.556 [info] <0.44.0> Application scrivener_ecto started on node nonode@nohost
2020-12-31 19:55:31.658 [error] <0.328.0>@Elixir.Marketplace.Application:start CRASH REPORT Process <0.328.0> with 0 neighbours exited with reason: bad return value <0.362.0> from 'Elixir.Marketplace.Application':start(normal, []) in application_master:init/4 line 138
2020-12-31 19:57:08.600 [info] <0.44.0> Application lager started on node nonode@nohost
2020-12-31 19:57:08.604 [info] <0.44.0> Application xmerl started on node nonode@nohost
2020-12-31 19:57:08.611 [info] <0.44.0> Application sasl started on node nonode@nohost
2020-12-31 19:57:08.612 [info] <0.44.0> Application tools started on node nonode@nohost
2020-12-31 19:57:08.612 [info] <0.44.0> Application jsx started on node nonode@nohost
2020-12-31 19:57:08.617 [info] <0.44.0> Application ranch started on node nonode@nohost
2020-12-31 19:57:08.617 [info] <0.44.0> Application recon started on node nonode@nohost
2020-12-31 19:57:08.716 [info] <0.44.0> Application credentials_obfuscation started on node nonode@nohost
2020-12-31 19:57:08.716 [info] <0.44.0> Application rabbit_common started on node nonode@nohost
2020-12-31 19:57:08.725 [info] <0.44.0> Application amqp_client started on node nonode@nohost
2020-12-31 19:57:08.728 [info] <0.44.0> Application amqp started on node nonode@nohost
2020-12-31 19:57:08.730 [info] <0.44.0> Application ecto_sql started on node nonode@nohost
2020-12-31 19:57:08.730 [info] <0.44.0> Application jason started on node nonode@nohost
2020-12-31 19:57:08.730 [info] <0.44.0> Application scrivener started on node nonode@nohost
2020-12-31 19:57:08.730 [info] <0.44.0> Application scrivener_ecto started on node nonode@nohost
2020-12-31 19:57:16.784 [info] <0.44.0> Application lager started on node nonode@nohost
2020-12-31 19:57:16.785 [info] <0.44.0> Application xmerl started on node nonode@nohost
2020-12-31 19:57:16.788 [info] <0.44.0> Application sasl started on node nonode@nohost
2020-12-31 19:57:16.788 [info] <0.44.0> Application tools started on node nonode@nohost
2020-12-31 19:57:16.788 [info] <0.44.0> Application jsx started on node nonode@nohost
2020-12-31 19:57:16.791 [info] <0.44.0> Application ranch started on node nonode@nohost
2020-12-31 19:57:16.791 [info] <0.44.0> Application recon started on node nonode@nohost
2020-12-31 19:57:16.850 [info] <0.44.0> Application credentials_obfuscation started on node nonode@nohost
2020-12-31 19:57:16.850 [info] <0.44.0> Application rabbit_common started on node nonode@nohost
2020-12-31 19:57:16.856 [info] <0.44.0> Application amqp_client started on node nonode@nohost
2020-12-31 19:57:16.857 [info] <0.44.0> Application amqp started on node nonode@nohost
2020-12-31 19:57:16.858 [info] <0.44.0> Application ecto_sql started on node nonode@nohost
2020-12-31 19:57:16.858 [info] <0.44.0> Application jason started on node nonode@nohost
2020-12-31 19:57:16.858 [info] <0.44.0> Application scrivener started on node nonode@nohost
2020-12-31 19:57:16.858 [info] <0.44.0> Application scrivener_ecto started on node nonode@nohost
2020-12-31 20:11:37.005 [info] <0.44.0> Application lager started on node nonode@nohost
2020-12-31 20:11:37.006 [info] <0.44.0> Application xmerl started on node nonode@nohost
2020-12-31 20:11:37.009 [info] <0.44.0> Application sasl started on node nonode@nohost
2020-12-31 20:11:37.010 [info] <0.44.0> Application tools started on node nonode@nohost
2020-12-31 20:11:37.010 [info] <0.44.0> Application jsx started on node nonode@nohost
2020-12-31 20:11:37.011 [info] <0.44.0> Application ranch started on node nonode@nohost
2020-12-31 20:11:37.011 [info] <0.44.0> Application recon started on node nonode@nohost
2020-12-31 20:11:37.059 [info] <0.44.0> Application credentials_obfuscation started on node nonode@nohost
2020-12-31 20:11:37.059 [info] <0.44.0> Application rabbit_common started on node nonode@nohost
2020-12-31 20:11:37.063 [info] <0.44.0> Application amqp_client started on node nonode@nohost
2020-12-31 20:11:37.065 [info] <0.44.0> Application amqp started on node nonode@nohost
2020-12-31 20:11:37.065 [info] <0.44.0> Application ecto_sql started on node nonode@nohost
2020-12-31 20:11:37.065 [info] <0.44.0> Application jason started on node nonode@nohost
2020-12-31 20:11:37.065 [info] <0.44.0> Application scrivener started on node nonode@nohost
2020-12-31 20:11:37.066 [info] <0.44.0> Application scrivener_ecto started on node nonode@nohost
2020-12-31 20:11:37.066 [error] <0.322.0>@Elixir.Marketplace:start_server CRASH REPORT Process <0.322.0> with 0 neighbours exited with reason: call to undefined function 'Elixir.Marketplace':start_server() in application_master:init/4 line 138
2020-12-31 20:11:46.490 [info] <0.44.0> Application lager started on node nonode@nohost
2020-12-31 20:11:46.492 [info] <0.44.0> Application xmerl started on node nonode@nohost
2020-12-31 20:11:46.495 [info] <0.44.0> Application sasl started on node nonode@nohost
2020-12-31 20:11:46.495 [info] <0.44.0> Application tools started on node nonode@nohost
2020-12-31 20:11:46.495 [info] <0.44.0> Application jsx started on node nonode@nohost
2020-12-31 20:11:46.497 [info] <0.44.0> Application ranch started on node nonode@nohost
2020-12-31 20:11:46.497 [info] <0.44.0> Application recon started on node nonode@nohost
2020-12-31 20:11:46.544 [info] <0.44.0> Application credentials_obfuscation started on node nonode@nohost
2020-12-31 20:11:46.544 [info] <0.44.0> Application rabbit_common started on node nonode@nohost
2020-12-31 20:11:46.548 [info] <0.44.0> Application amqp_client started on node nonode@nohost
2020-12-31 20:11:46.549 [info] <0.44.0> Application amqp started on node nonode@nohost
2020-12-31 20:11:46.550 [info] <0.44.0> Application ecto_sql started on node nonode@nohost
2020-12-31 20:11:46.550 [info] <0.44.0> Application jason started on node nonode@nohost
2020-12-31 20:11:46.550 [info] <0.44.0> Application scrivener started on node nonode@nohost
2020-12-31 20:11:46.550 [info] <0.44.0> Application scrivener_ecto started on node nonode@nohost
2020-12-31 20:11:46.576 [error] <0.322.0>@Elixir.Marketplace:start_server CRASH REPORT Process <0.322.0> with 0 neighbours exited with reason: call to undefined function 'Elixir.Marketplace':start_server() in application_master:init/4 line 138
2020-12-31 20:11:52.840 [info] <0.44.0> Application lager started on node nonode@nohost
2020-12-31 20:11:52.841 [info] <0.44.0> Application xmerl started on node nonode@nohost
2020-12-31 20:11:52.844 [info] <0.44.0> Application sasl started on node nonode@nohost
2020-12-31 20:11:52.844 [info] <0.44.0> Application tools started on node nonode@nohost
2020-12-31 20:11:52.844 [info] <0.44.0> Application jsx started on node nonode@nohost
2020-12-31 20:11:52.846 [info] <0.44.0> Application ranch started on node nonode@nohost
2020-12-31 20:11:52.846 [info] <0.44.0> Application recon started on node nonode@nohost
2020-12-31 20:11:52.890 [info] <0.44.0> Application credentials_obfuscation started on node nonode@nohost
2020-12-31 20:11:52.890 [info] <0.44.0> Application rabbit_common started on node nonode@nohost
2020-12-31 20:11:52.894 [info] <0.44.0> Application amqp_client started on node nonode@nohost
2020-12-31 20:11:52.895 [info] <0.44.0> Application amqp started on node nonode@nohost
2020-12-31 20:11:52.895 [info] <0.44.0> Application ecto_sql started on node nonode@nohost
2020-12-31 20:11:52.896 [info] <0.44.0> Application jason started on node nonode@nohost
2020-12-31 20:11:52.896 [info] <0.44.0> Application scrivener started on node nonode@nohost
2020-12-31 20:11:52.896 [info] <0.44.0> Application scrivener_ecto started on node nonode@nohost
2020-12-31 20:11:52.918 [error] <0.322.0>@Elixir.Marketplace:start_server CRASH REPORT Process <0.322.0> with 0 neighbours exited with reason: call to undefined function 'Elixir.Marketplace':start_server() in application_master:init/4 line 138
2020-12-31 20:11:59.908 [info] <0.44.0> Application lager started on node nonode@nohost
2020-12-31 20:11:59.910 [info] <0.44.0> Application xmerl started on node nonode@nohost
2020-12-31 20:11:59.913 [info] <0.44.0> Application sasl started on node nonode@nohost
2020-12-31 20:11:59.913 [info] <0.44.0> Application tools started on node nonode@nohost
2020-12-31 20:11:59.913 [info] <0.44.0> Application jsx started on node nonode@nohost
2020-12-31 20:11:59.915 [info] <0.44.0> Application ranch started on node nonode@nohost
2020-12-31 20:11:59.915 [info] <0.44.0> Application recon started on node nonode@nohost
2020-12-31 20:11:59.959 [info] <0.44.0> Application credentials_obfuscation started on node nonode@nohost
2020-12-31 20:11:59.959 [info] <0.44.0> Application rabbit_common started on node nonode@nohost
2020-12-31 20:11:59.965 [info] <0.44.0> Application amqp_client started on node nonode@nohost
2020-12-31 20:11:59.966 [info] <0.44.0> Application amqp started on node nonode@nohost
2020-12-31 20:11:59.966 [info] <0.44.0> Application ecto_sql started on node nonode@nohost
2020-12-31 20:11:59.966 [info] <0.44.0> Application jason started on node nonode@nohost
2020-12-31 20:11:59.966 [info] <0.44.0> Application scrivener started on node nonode@nohost
2020-12-31 20:11:59.966 [info] <0.44.0> Application scrivener_ecto started on node nonode@nohost
2020-12-31 20:11:59.988 [error] <0.322.0>@Elixir.Marketplace:start_server CRASH REPORT Process <0.322.0> with 0 neighbours exited with reason: call to undefined function 'Elixir.Marketplace':start_server() in application_master:init/4 line 138
2020-12-31 20:12:30.547 [info] <0.44.0> Application lager started on node nonode@nohost
2020-12-31 20:12:30.550 [info] <0.44.0> Application xmerl started on node nonode@nohost
2020-12-31 20:12:30.556 [info] <0.44.0> Application sasl started on node nonode@nohost
2020-12-31 20:12:30.556 [info] <0.44.0> Application tools started on node nonode@nohost
2020-12-31 20:12:30.557 [info] <0.44.0> Application jsx started on node nonode@nohost
2020-12-31 20:12:30.560 [info] <0.44.0> Application ranch started on node nonode@nohost
2020-12-31 20:12:30.560 [info] <0.44.0> Application recon started on node nonode@nohost
2020-12-31 20:12:30.669 [info] <0.44.0> Application credentials_obfuscation started on node nonode@nohost
2020-12-31 20:12:30.669 [info] <0.44.0> Application rabbit_common started on node nonode@nohost
2020-12-31 20:12:30.676 [info] <0.44.0> Application amqp_client started on node nonode@nohost
2020-12-31 20:12:30.679 [info] <0.44.0> Application amqp started on node nonode@nohost
2020-12-31 20:12:30.680 [info] <0.44.0> Application ecto_sql started on node nonode@nohost
2020-12-31 20:12:30.681 [info] <0.44.0> Application jason started on node nonode@nohost
2020-12-31 20:12:30.681 [info] <0.44.0> Application scrivener started on node nonode@nohost
2020-12-31 20:12:30.681 [info] <0.44.0> Application scrivener_ecto started on node nonode@nohost
2020-12-31 20:12:34.569 [error] <0.328.0> CRASH REPORT Process <0.328.0> with 0 neighbours exited with reason: #{'__exception__' => true,'__struct__' => 'Elixir.RuntimeError',message => <<"could not lookup Ecto repo Marketplace.Repo because it was not started or it does not exist">>} in 'Elixir.Ecto.Repo.Registry':lookup/1 line 19 in application_master:init/4 line 138
2020-12-31 20:12:56.087 [info] <0.44.0> Application lager started on node nonode@nohost
2020-12-31 20:12:56.090 [info] <0.44.0> Application xmerl started on node nonode@nohost
2020-12-31 20:12:56.100 [info] <0.44.0> Application sasl started on node nonode@nohost
2020-12-31 20:12:56.100 [info] <0.44.0> Application tools started on node nonode@nohost
2020-12-31 20:12:56.101 [info] <0.44.0> Application jsx started on node nonode@nohost
2020-12-31 20:12:56.106 [info] <0.44.0> Application ranch started on node nonode@nohost
2020-12-31 20:12:56.106 [info] <0.44.0> Application recon started on node nonode@nohost
2020-12-31 20:12:56.203 [info] <0.44.0> Application credentials_obfuscation started on node nonode@nohost
2020-12-31 20:12:56.203 [info] <0.44.0> Application rabbit_common started on node nonode@nohost
2020-12-31 20:12:56.211 [info] <0.44.0> Application amqp_client started on node nonode@nohost
2020-12-31 20:12:56.214 [info] <0.44.0> Application amqp started on node nonode@nohost
2020-12-31 20:12:56.215 [info] <0.44.0> Application ecto_sql started on node nonode@nohost
2020-12-31 20:12:56.215 [info] <0.44.0> Application jason started on node nonode@nohost
2020-12-31 20:12:56.215 [info] <0.44.0> Application scrivener started on node nonode@nohost
2020-12-31 20:12:56.216 [info] <0.44.0> Application scrivener_ecto started on node nonode@nohost
2021-01-01 06:23:00.636 [info] <0.44.0> Application lager started on node nonode@nohost
2021-01-01 06:23:00.638 [info] <0.44.0> Application xmerl started on node nonode@nohost
2021-01-01 06:23:00.642 [info] <0.44.0> Application sasl started on node nonode@nohost
2021-01-01 06:23:00.642 [info] <0.44.0> Application tools started on node nonode@nohost
2021-01-01 06:23:00.642 [info] <0.44.0> Application jsx started on node nonode@nohost
2021-01-01 06:23:00.644 [info] <0.44.0> Application ranch started on node nonode@nohost
2021-01-01 06:23:00.644 [info] <0.44.0> Application recon started on node nonode@nohost
2021-01-01 06:23:00.692 [info] <0.44.0> Application credentials_obfuscation started on node nonode@nohost
2021-01-01 06:23:00.692 [info] <0.44.0> Application rabbit_common started on node nonode@nohost
2021-01-01 06:23:00.697 [info] <0.44.0> Application amqp_client started on node nonode@nohost
2021-01-01 06:23:00.698 [info] <0.44.0> Application amqp started on node nonode@nohost
2021-01-01 06:23:00.699 [info] <0.44.0> Application ecto_sql started on node nonode@nohost
2021-01-01 06:23:00.699 [info] <0.44.0> Application jason started on node nonode@nohost
2021-01-01 06:23:00.699 [info] <0.44.0> Application scrivener started on node nonode@nohost
2021-01-01 06:23:00.699 [info] <0.44.0> Application scrivener_ecto started on node nonode@nohost
2021-01-01 06:23:38.316 [info] <0.44.0> Application lager started on node nonode@nohost
2021-01-01 06:23:38.318 [info] <0.44.0> Application xmerl started on node nonode@nohost
2021-01-01 06:23:38.320 [info] <0.44.0> Application sasl started on node nonode@nohost
2021-01-01 06:23:38.320 [info] <0.44.0> Application tools started on node nonode@nohost
2021-01-01 06:23:38.321 [info] <0.44.0> Application jsx started on node nonode@nohost
2021-01-01 06:23:38.322 [info] <0.44.0> Application ranch started on node nonode@nohost
2021-01-01 06:23:38.322 [info] <0.44.0> Application recon started on node nonode@nohost
2021-01-01 06:23:38.365 [info] <0.44.0> Application credentials_obfuscation started on node nonode@nohost
2021-01-01 06:23:38.365 [info] <0.44.0> Application rabbit_common started on node nonode@nohost
2021-01-01 06:23:38.368 [info] <0.44.0> Application amqp_client started on node nonode@nohost
2021-01-01 06:23:38.370 [info] <0.44.0> Application amqp started on node nonode@nohost
2021-01-01 06:23:38.370 [info] <0.44.0> Application ecto_sql started on node nonode@nohost
2021-01-01 06:23:38.370 [info] <0.44.0> Application jason started on node nonode@nohost
2021-01-01 06:23:38.370 [info] <0.44.0> Application scrivener started on node nonode@nohost
2021-01-01 06:23:38.371 [info] <0.44.0> Application scrivener_ecto started on node nonode@nohost
2021-01-01 10:22:14.555 [info] <0.44.0> Application lager started on node nonode@nohost
2021-01-01 10:22:14.556 [info] <0.44.0> Application xmerl started on node nonode@nohost
2021-01-01 10:22:14.559 [info] <0.44.0> Application sasl started on node nonode@nohost
2021-01-01 10:22:14.560 [info] <0.44.0> Application tools started on node nonode@nohost
2021-01-01 10:22:14.560 [info] <0.44.0> Application jsx started on node nonode@nohost
2021-01-01 10:22:14.561 [info] <0.44.0> Application ranch started on node nonode@nohost
2021-01-01 10:22:14.562 [info] <0.44.0> Application recon started on node nonode@nohost
2021-01-01 10:22:14.608 [info] <0.44.0> Application credentials_obfuscation started on node nonode@nohost
2021-01-01 10:22:14.608 [info] <0.44.0> Application rabbit_common started on node nonode@nohost
2021-01-01 10:22:14.612 [info] <0.44.0> Application amqp_client started on node nonode@nohost
2021-01-01 10:22:14.613 [info] <0.44.0> Application amqp started on node nonode@nohost
2021-01-01 10:22:14.614 [info] <0.44.0> Application ecto_sql started on node nonode@nohost
2021-01-01 10:22:14.615 [info] <0.44.0> Application jason started on node nonode@nohost
2021-01-01 10:22:14.615 [info] <0.44.0> Application scrivener started on node nonode@nohost
2021-01-01 10:22:14.615 [info] <0.44.0> Application scrivener_ecto started on node nonode@nohost
2021-01-04 14:11:04.655 [info] <0.44.0> Application lager started on node nonode@nohost
2021-01-04 14:11:04.657 [info] <0.44.0> Application xmerl started on node nonode@nohost
2021-01-04 14:11:04.660 [info] <0.44.0> Application sasl started on node nonode@nohost
2021-01-04 14:11:04.660 [info] <0.44.0> Application tools started on node nonode@nohost
2021-01-04 14:11:04.660 [info] <0.44.0> Application jsx started on node nonode@nohost
2021-01-04 14:11:04.662 [info] <0.44.0> Application ranch started on node nonode@nohost
2021-01-04 14:11:04.662 [info] <0.44.0> Application recon started on node nonode@nohost
2021-01-04 14:11:04.713 [info] <0.44.0> Application credentials_obfuscation started on node nonode@nohost
2021-01-04 14:11:04.713 [info] <0.44.0> Application rabbit_common started on node nonode@nohost
2021-01-04 14:11:04.717 [info] <0.44.0> Application amqp_client started on node nonode@nohost
2021-01-04 14:11:04.718 [info] <0.44.0> Application amqp started on node nonode@nohost
2021-01-04 14:11:04.719 [info] <0.44.0> Application ecto_sql started on node nonode@nohost
2021-01-04 14:11:04.719 [info] <0.44.0> Application jason started on node nonode@nohost
2021-01-04 14:11:04.719 [info] <0.44.0> Application scrivener started on node nonode@nohost
2021-01-04 14:11:04.719 [info] <0.44.0> Application scrivener_ecto started on node nonode@nohost
2021-01-04 16:11:45.879 [info] <0.44.0> Application lager started on node nonode@nohost
2021-01-04 16:11:45.881 [info] <0.44.0> Application xmerl started on node nonode@nohost
2021-01-04 16:11:45.884 [info] <0.44.0> Application sasl started on node nonode@nohost
2021-01-04 16:11:45.884 [info] <0.44.0> Application tools started on node nonode@nohost
2021-01-04 16:11:45.884 [info] <0.44.0> Application jsx started on node nonode@nohost
2021-01-04 16:11:45.887 [info] <0.44.0> Application ranch started on node nonode@nohost
2021-01-04 16:11:45.887 [info] <0.44.0> Application recon started on node nonode@nohost
2021-01-04 16:11:45.938 [info] <0.44.0> Application credentials_obfuscation started on node nonode@nohost
2021-01-04 16:11:45.938 [info] <0.44.0> Application rabbit_common started on node nonode@nohost
2021-01-04 16:11:45.943 [info] <0.44.0> Application amqp_client started on node nonode@nohost
2021-01-04 16:11:45.945 [info] <0.44.0> Application amqp started on node nonode@nohost
2021-01-04 16:11:45.945 [info] <0.44.0> Application ecto_sql started on node nonode@nohost
2021-01-04 16:11:45.945 [info] <0.44.0> Application jason started on node nonode@nohost
2021-01-04 16:11:45.945 [info] <0.44.0> Application scrivener started on node nonode@nohost
2021-01-04 16:11:45.945 [info] <0.44.0> Application scrivener_ecto started on node nonode@nohost
2021-01-04 16:12:01.853 [info] <0.44.0> Application lager started on node nonode@nohost
2021-01-04 16:12:01.854 [info] <0.44.0> Application xmerl started on node nonode@nohost
2021-01-04 16:12:01.857 [info] <0.44.0> Application sasl started on node nonode@nohost
2021-01-04 16:12:01.857 [info] <0.44.0> Application tools started on node nonode@nohost
2021-01-04 16:12:01.857 [info] <0.44.0> Application jsx started on node nonode@nohost
2021-01-04 16:12:01.859 [info] <0.44.0> Application ranch started on node nonode@nohost
2021-01-04 16:12:01.859 [info] <0.44.0> Application recon started on node nonode@nohost
2021-01-04 16:12:01.904 [info] <0.44.0> Application credentials_obfuscation started on node nonode@nohost
2021-01-04 16:12:01.904 [info] <0.44.0> Application rabbit_common started on node nonode@nohost
2021-01-04 16:12:01.908 [info] <0.44.0> Application amqp_client started on node nonode@nohost
2021-01-04 16:12:01.910 [info] <0.44.0> Application amqp started on node nonode@nohost
2021-01-04 16:12:01.911 [info] <0.44.0> Application ecto_sql started on node nonode@nohost
2021-01-04 16:12:01.911 [info] <0.44.0> Application jason started on node nonode@nohost
2021-01-04 16:12:01.911 [info] <0.44.0> Application scrivener started on node nonode@nohost
2021-01-04 16:12:01.911 [info] <0.44.0> Application scrivener_ecto started on node nonode@nohost
2021-01-05 23:55:23.003 [info] <0.44.0> Application lager started on node nonode@nohost
2021-01-05 23:55:23.006 [info] <0.44.0> Application xmerl started on node nonode@nohost
2021-01-05 23:55:23.010 [info] <0.44.0> Application sasl started on node nonode@nohost
2021-01-05 23:55:23.010 [info] <0.44.0> Application tools started on node nonode@nohost
2021-01-05 23:55:23.010 [info] <0.44.0> Application jsx started on node nonode@nohost
2021-01-05 23:55:23.012 [info] <0.44.0> Application ranch started on node nonode@nohost
2021-01-05 23:55:23.012 [info] <0.44.0> Application recon started on node nonode@nohost
2021-01-05 23:55:23.060 [info] <0.44.0> Application credentials_obfuscation started on node nonode@nohost
2021-01-05 23:55:23.060 [info] <0.44.0> Application rabbit_common started on node nonode@nohost
2021-01-05 23:55:23.064 [info] <0.44.0> Application amqp_client started on node nonode@nohost
2021-01-05 23:55:23.065 [info] <0.44.0> Application amqp started on node nonode@nohost
2021-01-05 23:55:23.066 [info] <0.44.0> Application ecto_sql started on node nonode@nohost
2021-01-05 23:55:23.066 [info] <0.44.0> Application jason started on node nonode@nohost
2021-01-05 23:55:23.066 [info] <0.44.0> Application scrivener started on node nonode@nohost
2021-01-05 23:55:23.066 [info] <0.44.0> Application scrivener_ecto started on node nonode@nohost
2021-01-05 23:55:23.106 [error] <0.369.0>@Elixir.Marketplace:init:15 Supervisor 'Elixir.Marketplace.Supervisor' had child 'Elixir.Marketplace' started with 'Elixir.Marketplace':start_link([]) at undefined exit with reason no match of right hand value {error,unknown_host} in 'Elixir.Marketplace':init/1 line 15 in context start_error
2021-01-05 23:55:23.106 [error] <0.383.0>@Elixir.Marketplace:init:15 CRASH REPORT Process <0.383.0> with 0 neighbours crashed with reason: no match of right hand value {error,unknown_host} in 'Elixir.Marketplace':init/1 line 15
